TN:
SF:src/app.ts
FN:9,createApp
FN:26,(anonymous_2)
FN:27,(anonymous_3)
FN:28,(anonymous_4)
FN:31,(anonymous_5)
FNF:5
FNH:5
FNDA:1,createApp
FNDA:9,(anonymous_2)
FNDA:2,(anonymous_3)
FNDA:15,(anonymous_4)
FNDA:1,(anonymous_5)
DA:1,1
DA:2,1
DA:3,1
DA:4,1
DA:5,1
DA:6,1
DA:7,1
DA:9,1
DA:10,1
DA:13,1
DA:14,1
DA:15,1
DA:18,1
DA:19,1
DA:22,1
DA:23,1
DA:26,9
DA:27,2
DA:28,15
DA:31,1
DA:32,1
DA:35,1
LF:22
LH:22
BRF:0
BRH:0
end_of_record
TN:
SF:src/controllers/evaluate.controller.ts
FN:7,(anonymous_0)
FN:12,(anonymous_1)
FNF:2
FNH:2
FNDA:1,(anonymous_0)
FNDA:15,(anonymous_1)
DA:6,1
DA:8,1
DA:9,1
DA:13,15
DA:14,15
DA:16,15
DA:17,1
DA:18,1
DA:22,14
DA:24,14
DA:25,6
DA:26,6
DA:30,8
DA:38,8
DA:39,8
DA:40,8
DA:43,8
DA:49,0
DA:50,0
LF:19
LH:17
BRDA:16,0,0,1
BRDA:16,0,1,14
BRDA:16,1,0,15
BRDA:16,1,1,15
BRDA:24,2,0,6
BRDA:24,2,1,8
BRF:6
BRH:6
end_of_record
TN:
SF:src/controllers/policies.controller.ts
FN:6,(anonymous_0)
FN:8,(anonymous_1)
FN:25,(anonymous_2)
FNF:3
FNH:3
FNDA:1,(anonymous_0)
FNDA:9,(anonymous_1)
FNDA:2,(anonymous_2)
DA:5,1
DA:6,1
DA:9,9
DA:10,9
DA:13,9
DA:14,1
DA:15,1
DA:18,8
DA:19,8
DA:21,0
DA:26,2
DA:27,2
DA:30,2
DA:32,2
DA:33,0
DA:34,0
DA:37,2
DA:38,2
DA:40,0
LF:19
LH:15
BRDA:13,0,0,1
BRDA:13,0,1,8
BRDA:13,1,0,9
BRDA:13,1,1,9
BRDA:13,1,2,8
BRDA:30,2,0,0
BRDA:30,2,1,2
BRDA:32,3,0,0
BRDA:32,3,1,2
BRF:9
BRH:7
end_of_record
TN:
SF:src/repositories/in-memory-policy.repository.ts
FN:7,(anonymous_0)
FN:11,(anonymous_1)
FN:17,(anonymous_2)
FN:19,(anonymous_3)
FN:27,(anonymous_4)
FN:38,(anonymous_5)
FN:44,(anonymous_6)
FNF:7
FNH:5
FNDA:36,(anonymous_0)
FNDA:8,(anonymous_1)
FNDA:2,(anonymous_2)
FNDA:4,(anonymous_3)
FNDA:14,(anonymous_4)
FNDA:0,(anonymous_5)
FNDA:0,(anonymous_6)
DA:4,1
DA:5,1
DA:8,36
DA:12,8
DA:13,8
DA:14,8
DA:18,2
DA:19,2
DA:20,4
DA:21,1
DA:24,2
DA:29,14
DA:30,14
DA:31,14
DA:34,14
DA:35,14
DA:39,0
DA:40,0
DA:41,0
DA:45,0
DA:46,0
LF:21
LH:16
BRDA:8,0,0,14
BRDA:8,0,1,22
BRDA:20,1,0,1
BRDA:20,1,1,3
BRDA:31,2,0,0
BRDA:31,2,1,14
BRDA:35,3,0,14
BRDA:35,3,1,6
BRF:8
BRH:7
end_of_record
TN:
SF:src/services/sliding-window.service.ts
FN:11,(anonymous_0)
FN:15,(anonymous_1)
FN:33,(anonymous_2)
FNF:3
FNH:3
FNDA:15771,(anonymous_0)
FNDA:15771,(anonymous_1)
FNDA:477482,(anonymous_2)
DA:8,3
DA:9,413
DA:12,15771
DA:21,15771
DA:22,15771
DA:23,15771
DA:24,15771
DA:27,15771
DA:28,15771
DA:29,522
DA:30,522
DA:33,477482
DA:36,15771
DA:37,15771
DA:40,15771
DA:41,9440
DA:45,15771
DA:46,15771
DA:48,15771
LF:19
LH:19
BRDA:28,0,0,522
BRDA:28,0,1,15249
BRDA:40,1,0,9440
BRDA:40,1,1,6331
BRDA:45,2,0,15771
BRDA:45,2,1,0
BRF:6
BRH:5
end_of_record
